2023-04-28T05:29:25+00:00 CRITICAL syntax error, unexpected string content "woocommerce_show_variation_pri..." in C:\Users\Lenovo\Desktop\wordpress\htdocs\rainbow_vision\wp-content\themes\Divi-child\functions.php on line 13

2023-04-28T05:29:36+00:00 CRITICAL syntax error, unexpected string content "woocommerce_show_variation_pri..." in C:\Users\Lenovo\Desktop\wordpress\htdocs\rainbow_vision\wp-content\themes\Divi-child\functions.php on line 13

2023-04-28T05:29:58+00:00 CRITICAL syntax error, unexpected string content "woocommerce_show_variation_pri..." in C:\Users\Lenovo\Desktop\wordpress\htdocs\rainbow_vision\wp-content\themes\Divi-child\functions.php on line 13

2023-04-28T05:30:21+00:00 CRITICAL syntax error, unexpected string content "woocommerce_show_variation_pri..." in C:\Users\Lenovo\Desktop\wordpress\htdocs\rainbow_vision\wp-content\themes\Divi-child\functions.php on line 13

2023-04-28T05:30:22+00:00 CRITICAL syntax error, unexpected string content "woocommerce_show_variation_pri..." in C:\Users\Lenovo\Desktop\wordpress\htdocs\rainbow_vision\wp-content\themes\Divi-child\functions.php on line 13

2023-04-28T05:30:22+00:00 CRITICAL syntax error, unexpected string content "woocommerce_show_variation_pri..." in C:\Users\Lenovo\Desktop\wordpress\htdocs\rainbow_vision\wp-content\themes\Divi-child\functions.php on line 13

2023-04-28T05:30:25+00:00 CRITICAL syntax error, unexpected string content "woocommerce_show_variation_pri..." in C:\Users\Lenovo\Desktop\wordpress\htdocs\rainbow_vision\wp-content\themes\Divi-child\functions.php on line 13

2023-04-28T05:43:48+00:00 CRITICAL syntax error, unexpected string content "woocommerce_show_variation_pri..." in C:\Users\Lenovo\Desktop\wordpress\htdocs\rainbow_vision\wp-content\themes\Divi-child\functions.php on line 12

2023-04-28T08:32:45+00:00 CRITICAL Maximum execution time of 120 seconds exceeded in C:\Users\Lenovo\Desktop\wordpress\htdocs\rainbow_vision\wp-admin\includes\class-wp-filesystem-direct.php on line 66

2023-04-28T08:33:19+00:00 CRITICAL Maximum execution time of 120 seconds exceeded in C:\Users\Lenovo\Desktop\wordpress\htdocs\rainbow_vision\wp-content\plugins\amp\src\PluginSuppression.php on line 32

2023-04-28T08:34:13+00:00 CRITICAL Maximum execution time of 120 seconds exceeded in C:\Users\Lenovo\Desktop\wordpress\htdocs\rainbow_vision\wp-admin\includes\template.php on line 12

2023-04-28T08:34:49+00:00 CRITICAL Maximum execution time of 120 seconds exceeded in C:\Users\Lenovo\Desktop\wordpress\htdocs\rainbow_vision\wp-content\plugins\contact-form-7\modules\akismet\service.php on line 3

2023-04-28T08:53:58+00:00 CRITICAL Maximum execution time of 120 seconds exceeded in C:\Users\Lenovo\Desktop\wordpress\htdocs\rainbow_vision\wp-content\plugins\advanced-custom-fields\includes\post-types\class-acf-post-type.php on line 3

2023-04-28T08:54:12+00:00 CRITICAL Maximum execution time of 120 seconds exceeded in C:\Users\Lenovo\Desktop\wordpress\htdocs\rainbow_vision\wp-content\plugins\woocommerce\src\Internal\Admin\Loader.php on line 54

2023-04-28T09:00:16+00:00 CRITICAL Maximum execution time of 120 seconds exceeded in C:\Users\Lenovo\Desktop\wordpress\htdocs\rainbow_vision\wp-content\plugins\pinterest-for-woocommerce\src\API\AdvertiserConnect.php on line 18

2023-04-28T09:00:22+00:00 CRITICAL Maximum execution time of 120 seconds exceeded in C:\Users\Lenovo\Desktop\wordpress\htdocs\rainbow_vision\wp-content\plugins\woocommerce\includes\wc-template-functions.php on line 77

2023-04-28T09:01:10+00:00 CRITICAL Maximum execution time of 120 seconds exceeded in C:\Users\Lenovo\Desktop\wordpress\htdocs\rainbow_vision\wp-content\themes\Divi\functions.php on line 4

2023-04-28T10:04:54+00:00 CRITICAL Maximum execution time of 120 seconds exceeded in C:\Users\Lenovo\Desktop\wordpress\htdocs\rainbow_vision\wp-includes\class-wp-post-type.php on line 416

2023-04-28T10:05:26+00:00 CRITICAL Maximum execution time of 120 seconds exceeded in C:\Users\Lenovo\Desktop\wordpress\htdocs\rainbow_vision\wp-content\plugins\google-listings-and-ads\vendor\league\container\src\ServiceProvider\ServiceProviderAggregate.php on line 9

2023-04-28T10:06:27+00:00 CRITICAL Maximum execution time of 120 seconds exceeded in C:\Users\Lenovo\Desktop\wordpress\htdocs\rainbow_vision\wp-content\themes\Divi\includes\builder\class-et-builder-element.php on line 10

2023-04-28T10:06:32+00:00 CRITICAL Maximum execution time of 120 seconds exceeded in C:\Users\Lenovo\Desktop\wordpress\htdocs\rainbow_vision\wp-content\plugins\woocommerce\src\Admin\Features\Features.php on line 379

2023-04-28T10:06:34+00:00 CRITICAL Maximum execution time of 120 seconds exceeded in C:\Users\Lenovo\Desktop\wordpress\htdocs\rainbow_vision\wp-includes\plugin.php on line 482

2023-04-28T10:06:36+00:00 CRITICAL Maximum execution time of 120 seconds exceeded in C:\Users\Lenovo\Desktop\wordpress\htdocs\rainbow_vision\wp-content\plugins\google-listings-and-ads\vendor\google\protobuf\src\Google\Protobuf\Internal\GPBUtil.php on line 355

