2023-04-27T04:30:37+00:00 CRITICAL Uncaught Error: Call to a member function id() on null in C:\Users\Lenovo\Desktop\wordpress\htdocs\rainbow_vision\wp-content\plugins\contact-form-7-skins\includes\cf7-connect.php:47
Stack trace:
#0 C:\Users\Lenovo\Desktop\wordpress\htdocs\rainbow_vision\wp-content\plugins\contact-form-7-skins\includes\cf7-connect.php(187): CF7_Skins_CF7_Connect::get_form_id(NULL)
#1 C:\Users\Lenovo\Desktop\wordpress\htdocs\rainbow_vision\wp-includes\class-wp-hook.php(308): CF7_Skins_CF7_Connect->form_classes('wpcf7-form init')
#2 C:\Users\Lenovo\Desktop\wordpress\htdocs\rainbow_vision\wp-includes\plugin.php(205): WP_Hook->apply_filters('wpcf7-form init', Array)
#3 C:\Users\Lenovo\Desktop\wordpress\htdocs\rainbow_vision\wp-content\plugins\contact-form-7\includes\contact-form.php(604): apply_filters('wpcf7_form_clas...', 'wpcf7-form init')
#4 C:\Users\Lenovo\Desktop\wordpress\htdocs\rainbow_vision\wp-content\plugins\contact-form-7\includes\contact-form-functions.php(235): WPCF7_ContactForm->form_html(Array)
#5 [internal function]: {closure}(Object(WPCF7_ContactForm), Array)
#6 C:\Users\Lenovo\Desktop\wordpress\htdocs\rainbow_vision\wp-content\plugins\contact-form-7\includes\l10n.php(147): call_user_func(Object(Closure), Object(WPCF7_ContactForm), Array)
#7 C:\Users\Lenovo\Desktop\wordpress\htdocs\rainbow_vision\wp-content\plugins\contact-form-7\includes\contact-form-functions.php(238): wpcf7_switch_locale('en_US', Object(Closure), Object(WPCF7_ContactForm), Array)
#8 C:\Users\Lenovo\Desktop\wordpress\htdocs\rainbow_vision\wp-includes\shortcodes.php(355): wpcf7_contact_form_tag_func(Array, '', 'contact-form-7')
#9 [internal function]: do_shortcode_tag(Array)
#10 C:\Users\Lenovo\Desktop\wordpress\htdocs\rainbow_vision\wp-includes\shortcodes.php(227): preg_replace_callback('/\\[(\\[?)(contac...', 'do_shortcode_ta...', '[contact-form-7...')
#11 C:\Users\Lenovo\Desktop\wordpress\htdocs\rainbow_vision\wp-content\themes\Divi\includes\builder\class-et-builder-element.php(3012): do_shortcode('[contact-form-7...')
#12 C:\Users\Lenovo\Desktop\wordpress\htdocs\rainbow_vision\wp-includes\shortcodes.php(355): ET_Builder_Element->_render(Array, '[contact-form-7...', 'et_pb_code')
#13 [internal function]: do_shortcode_tag(Array)
#14 C:\Users\Lenovo\Desktop\wordpress\htdocs\rainbow_vision\wp-includes\shortcodes.php(227): preg_replace_callback('/\\[(\\[?)(contac...', 'do_shortcode_ta...', '[et_pb_text _bu...')
#15 C:\Users\Lenovo\Desktop\wordpress\htdocs\rainbow_vision\wp-content\themes\Divi\includes\builder\main-structure-elements.php(3784): do_shortcode('[et_pb_text _bu...')
#16 C:\Users\Lenovo\Desktop\wordpress\htdocs\rainbow_vision\wp-content\themes\Divi\includes\builder\class-et-builder-element.php(3331): ET_Builder_Column->render(Array, '[et_pb_text _bu...', 'et_pb_column', '', '', '', '', '')
#17 C:\Users\Lenovo\Desktop\wordpress\htdocs\rainbow_vision\wp-includes\shortcodes.php(355): ET_Builder_Element->_render(Array, '[et_pb_text _bu...', 'et_pb_column')
#18 [internal function]: do_shortcode_tag(Array)
#19 C:\Users\Lenovo\Desktop\wordpress\htdocs\rainbow_vision\wp-includes\shortcodes.php(227): preg_replace_callback('/\\[(\\[?)(contac...', 'do_shortcode_ta...', '[et_pb_column t...')
#20 C:\Users\Lenovo\Desktop\wordpress\htdocs\rainbow_vision\wp-content\themes\Divi\includes\builder\main-structure-elements.php(2274): do_shortcode('[et_pb_column t...')
#21 C:\Users\Lenovo\Desktop\wordpress\htdocs\rainbow_vision\wp-content\themes\Divi\includes\builder\class-et-builder-element.php(3331): ET_Builder_Row->render(Array, '[et_pb_column t...', 'et_pb_row', '', '', '', '', '')
#22 C:\Users\Lenovo\Desktop\wordpress\htdocs\rainbow_vision\wp-includes\shortcodes.php(355): ET_Builder_Element->_render(Array, '[et_pb_column t...', 'et_pb_row')
#23 [internal function]: do_shortcode_tag(Array)
#24 C:\Users\Lenovo\Desktop\wordpress\htdocs\rainbow_vision\wp-includes\shortcodes.php(227): preg_replace_callback('/\\[(\\[?)(contac...', 'do_shortcode_ta...', '[et_pb_row admi...')
#25 C:\Users\Lenovo\Desktop\wordpress\htdocs\rainbow_vision\wp-content\themes\Divi\includes\builder\main-structure-elements.php(1606): do_shortcode('[et_pb_row admi...')
#26 C:\Users\Lenovo\Desktop\wordpress\htdocs\rainbow_vision\wp-content\themes\Divi\includes\builder\class-et-builder-element.php(3331): ET_Builder_Section->render(Array, '[et_pb_row admi...', 'et_pb_section', '', '', '', '', '')
#27 C:\Users\Lenovo\Desktop\wordpress\htdocs\rainbow_vision\wp-includes\shortcodes.php(355): ET_Builder_Element->_render(Array, '[et_pb_row admi...', 'et_pb_section')
#28 [internal function]: do_shortcode_tag(Array)
#29 C:\Users\Lenovo\Desktop\wordpress\htdocs\rainbow_vision\wp-includes\shortcodes.php(227): preg_replace_callback('/\\[(\\[?)(contac...', 'do_shortcode_ta...', '<div class="et-...')
#30 C:\Users\Lenovo\Desktop\wordpress\htdocs\rainbow_vision\wp-includes\class-wp-hook.php(308): do_shortcode('<div class="et-...')
#31 C:\Users\Lenovo\Desktop\wordpress\htdocs\rainbow_vision\wp-includes\plugin.php(205): WP_Hook->apply_filters('<div class="et-...', Array)
#32 C:\Users\Lenovo\Desktop\wordpress\htdocs\rainbow_vision\wp-includes\post-template.php(255): apply_filters('the_content', '[et_pb_section ...')
#33 C:\Users\Lenovo\Desktop\wordpress\htdocs\rainbow_vision\wp-content\themes\Divi\page.php(46): the_content()
#34 C:\Users\Lenovo\Desktop\wordpress\htdocs\rainbow_vision\wp-includes\template-loader.php(106): include('C:\\Users\\Lenovo...')
#35 C:\Users\Lenovo\Desktop\wordpress\htdocs\rainbow_vision\wp-blog-header.php(19): require_once('C:\\Users\\Lenovo...')
#36 C:\Users\Lenovo\Desktop\wordpress\htdocs\rainbow_vision\index.php(17): require('C:\\Users\\Lenovo...')
#37 {main}
  thrown in C:\Users\Lenovo\Desktop\wordpress\htdocs\rainbow_vision\wp-content\plugins\contact-form-7-skins\includes\cf7-connect.php on line 47

2023-04-27T04:30:53+00:00 CRITICAL Uncaught Error: Call to a member function id() on null in C:\Users\Lenovo\Desktop\wordpress\htdocs\rainbow_vision\wp-content\plugins\contact-form-7-skins\includes\cf7-connect.php:47
Stack trace:
#0 C:\Users\Lenovo\Desktop\wordpress\htdocs\rainbow_vision\wp-content\plugins\contact-form-7-skins\includes\cf7-connect.php(187): CF7_Skins_CF7_Connect::get_form_id(NULL)
#1 C:\Users\Lenovo\Desktop\wordpress\htdocs\rainbow_vision\wp-includes\class-wp-hook.php(308): CF7_Skins_CF7_Connect->form_classes('wpcf7-form init')
#2 C:\Users\Lenovo\Desktop\wordpress\htdocs\rainbow_vision\wp-includes\plugin.php(205): WP_Hook->apply_filters('wpcf7-form init', Array)
#3 C:\Users\Lenovo\Desktop\wordpress\htdocs\rainbow_vision\wp-content\plugins\contact-form-7\includes\contact-form.php(604): apply_filters('wpcf7_form_clas...', 'wpcf7-form init')
#4 C:\Users\Lenovo\Desktop\wordpress\htdocs\rainbow_vision\wp-content\plugins\contact-form-7\includes\contact-form-functions.php(235): WPCF7_ContactForm->form_html(Array)
#5 [internal function]: {closure}(Object(WPCF7_ContactForm), Array)
#6 C:\Users\Lenovo\Desktop\wordpress\htdocs\rainbow_vision\wp-content\plugins\contact-form-7\includes\l10n.php(147): call_user_func(Object(Closure), Object(WPCF7_ContactForm), Array)
#7 C:\Users\Lenovo\Desktop\wordpress\htdocs\rainbow_vision\wp-content\plugins\contact-form-7\includes\contact-form-functions.php(238): wpcf7_switch_locale('en_US', Object(Closure), Object(WPCF7_ContactForm), Array)
#8 C:\Users\Lenovo\Desktop\wordpress\htdocs\rainbow_vision\wp-includes\shortcodes.php(355): wpcf7_contact_form_tag_func(Array, '', 'contact-form-7')
#9 [internal function]: do_shortcode_tag(Array)
#10 C:\Users\Lenovo\Desktop\wordpress\htdocs\rainbow_vision\wp-includes\shortcodes.php(227): preg_replace_callback('/\\[(\\[?)(contac...', 'do_shortcode_ta...', '[contact-form-7...')
#11 C:\Users\Lenovo\Desktop\wordpress\htdocs\rainbow_vision\wp-content\themes\Divi\includes\builder\class-et-builder-element.php(3012): do_shortcode('[contact-form-7...')
#12 C:\Users\Lenovo\Desktop\wordpress\htdocs\rainbow_vision\wp-includes\shortcodes.php(355): ET_Builder_Element->_render(Array, '[contact-form-7...', 'et_pb_code')
#13 [internal function]: do_shortcode_tag(Array)
#14 C:\Users\Lenovo\Desktop\wordpress\htdocs\rainbow_vision\wp-includes\shortcodes.php(227): preg_replace_callback('/\\[(\\[?)(contac...', 'do_shortcode_ta...', '[et_pb_text _bu...')
#15 C:\Users\Lenovo\Desktop\wordpress\htdocs\rainbow_vision\wp-content\themes\Divi\includes\builder\main-structure-elements.php(3784): do_shortcode('[et_pb_text _bu...')
#16 C:\Users\Lenovo\Desktop\wordpress\htdocs\rainbow_vision\wp-content\themes\Divi\includes\builder\class-et-builder-element.php(3331): ET_Builder_Column->render(Array, '[et_pb_text _bu...', 'et_pb_column', '', '', '', '', '')
#17 C:\Users\Lenovo\Desktop\wordpress\htdocs\rainbow_vision\wp-includes\shortcodes.php(355): ET_Builder_Element->_render(Array, '[et_pb_text _bu...', 'et_pb_column')
#18 [internal function]: do_shortcode_tag(Array)
#19 C:\Users\Lenovo\Desktop\wordpress\htdocs\rainbow_vision\wp-includes\shortcodes.php(227): preg_replace_callback('/\\[(\\[?)(contac...', 'do_shortcode_ta...', '[et_pb_column t...')
#20 C:\Users\Lenovo\Desktop\wordpress\htdocs\rainbow_vision\wp-content\themes\Divi\includes\builder\main-structure-elements.php(2274): do_shortcode('[et_pb_column t...')
#21 C:\Users\Lenovo\Desktop\wordpress\htdocs\rainbow_vision\wp-content\themes\Divi\includes\builder\class-et-builder-element.php(3331): ET_Builder_Row->render(Array, '[et_pb_column t...', 'et_pb_row', '', '', '', '', '')
#22 C:\Users\Lenovo\Desktop\wordpress\htdocs\rainbow_vision\wp-includes\shortcodes.php(355): ET_Builder_Element->_render(Array, '[et_pb_column t...', 'et_pb_row')
#23 [internal function]: do_shortcode_tag(Array)
#24 C:\Users\Lenovo\Desktop\wordpress\htdocs\rainbow_vision\wp-includes\shortcodes.php(227): preg_replace_callback('/\\[(\\[?)(contac...', 'do_shortcode_ta...', '[et_pb_row admi...')
#25 C:\Users\Lenovo\Desktop\wordpress\htdocs\rainbow_vision\wp-content\themes\Divi\includes\builder\main-structure-elements.php(1606): do_shortcode('[et_pb_row admi...')
#26 C:\Users\Lenovo\Desktop\wordpress\htdocs\rainbow_vision\wp-content\themes\Divi\includes\builder\class-et-builder-element.php(3331): ET_Builder_Section->render(Array, '[et_pb_row admi...', 'et_pb_section', '', '', '', '', '')
#27 C:\Users\Lenovo\Desktop\wordpress\htdocs\rainbow_vision\wp-includes\shortcodes.php(355): ET_Builder_Element->_render(Array, '[et_pb_row admi...', 'et_pb_section')
#28 [internal function]: do_shortcode_tag(Array)
#29 C:\Users\Lenovo\Desktop\wordpress\htdocs\rainbow_vision\wp-includes\shortcodes.php(227): preg_replace_callback('/\\[(\\[?)(contac...', 'do_shortcode_ta...', '<div class="et-...')
#30 C:\Users\Lenovo\Desktop\wordpress\htdocs\rainbow_vision\wp-includes\class-wp-hook.php(308): do_shortcode('<div class="et-...')
#31 C:\Users\Lenovo\Desktop\wordpress\htdocs\rainbow_vision\wp-includes\plugin.php(205): WP_Hook->apply_filters('<div class="et-...', Array)
#32 C:\Users\Lenovo\Desktop\wordpress\htdocs\rainbow_vision\wp-includes\post-template.php(255): apply_filters('the_content', '[et_pb_section ...')
#33 C:\Users\Lenovo\Desktop\wordpress\htdocs\rainbow_vision\wp-content\themes\Divi\page.php(46): the_content()
#34 C:\Users\Lenovo\Desktop\wordpress\htdocs\rainbow_vision\wp-includes\template-loader.php(106): include('C:\\Users\\Lenovo...')
#35 C:\Users\Lenovo\Desktop\wordpress\htdocs\rainbow_vision\wp-blog-header.php(19): require_once('C:\\Users\\Lenovo...')
#36 C:\Users\Lenovo\Desktop\wordpress\htdocs\rainbow_vision\index.php(17): require('C:\\Users\\Lenovo...')
#37 {main}
  thrown in C:\Users\Lenovo\Desktop\wordpress\htdocs\rainbow_vision\wp-content\plugins\contact-form-7-skins\includes\cf7-connect.php on line 47

2023-04-27T04:33:52+00:00 CRITICAL Uncaught Error: Call to a member function id() on null in C:\Users\Lenovo\Desktop\wordpress\htdocs\rainbow_vision\wp-content\plugins\contact-form-7-skins\includes\cf7-connect.php:47
Stack trace:
#0 C:\Users\Lenovo\Desktop\wordpress\htdocs\rainbow_vision\wp-content\plugins\contact-form-7-skins\includes\cf7-connect.php(187): CF7_Skins_CF7_Connect::get_form_id(NULL)
#1 C:\Users\Lenovo\Desktop\wordpress\htdocs\rainbow_vision\wp-includes\class-wp-hook.php(308): CF7_Skins_CF7_Connect->form_classes('wpcf7-form init')
#2 C:\Users\Lenovo\Desktop\wordpress\htdocs\rainbow_vision\wp-includes\plugin.php(205): WP_Hook->apply_filters('wpcf7-form init', Array)
#3 C:\Users\Lenovo\Desktop\wordpress\htdocs\rainbow_vision\wp-content\plugins\contact-form-7\includes\contact-form.php(604): apply_filters('wpcf7_form_clas...', 'wpcf7-form init')
#4 C:\Users\Lenovo\Desktop\wordpress\htdocs\rainbow_vision\wp-content\plugins\contact-form-7\includes\contact-form-functions.php(235): WPCF7_ContactForm->form_html(Array)
#5 [internal function]: {closure}(Object(WPCF7_ContactForm), Array)
#6 C:\Users\Lenovo\Desktop\wordpress\htdocs\rainbow_vision\wp-content\plugins\contact-form-7\includes\l10n.php(147): call_user_func(Object(Closure), Object(WPCF7_ContactForm), Array)
#7 C:\Users\Lenovo\Desktop\wordpress\htdocs\rainbow_vision\wp-content\plugins\contact-form-7\includes\contact-form-functions.php(238): wpcf7_switch_locale('en_US', Object(Closure), Object(WPCF7_ContactForm), Array)
#8 C:\Users\Lenovo\Desktop\wordpress\htdocs\rainbow_vision\wp-includes\shortcodes.php(355): wpcf7_contact_form_tag_func(Array, '', 'contact-form-7')
#9 [internal function]: do_shortcode_tag(Array)
#10 C:\Users\Lenovo\Desktop\wordpress\htdocs\rainbow_vision\wp-includes\shortcodes.php(227): preg_replace_callback('/\\[(\\[?)(contac...', 'do_shortcode_ta...', '[contact-form-7...')
#11 C:\Users\Lenovo\Desktop\wordpress\htdocs\rainbow_vision\wp-content\themes\Divi\includes\builder\class-et-builder-element.php(3012): do_shortcode('[contact-form-7...')
#12 C:\Users\Lenovo\Desktop\wordpress\htdocs\rainbow_vision\wp-includes\shortcodes.php(355): ET_Builder_Element->_render(Array, '[contact-form-7...', 'et_pb_code')
#13 [internal function]: do_shortcode_tag(Array)
#14 C:\Users\Lenovo\Desktop\wordpress\htdocs\rainbow_vision\wp-includes\shortcodes.php(227): preg_replace_callback('/\\[(\\[?)(contac...', 'do_shortcode_ta...', '[et_pb_text _bu...')
#15 C:\Users\Lenovo\Desktop\wordpress\htdocs\rainbow_vision\wp-content\themes\Divi\includes\builder\main-structure-elements.php(3784): do_shortcode('[et_pb_text _bu...')
#16 C:\Users\Lenovo\Desktop\wordpress\htdocs\rainbow_vision\wp-content\themes\Divi\includes\builder\class-et-builder-element.php(3331): ET_Builder_Column->render(Array, '[et_pb_text _bu...', 'et_pb_column', '', '', '', '', '')
#17 C:\Users\Lenovo\Desktop\wordpress\htdocs\rainbow_vision\wp-includes\shortcodes.php(355): ET_Builder_Element->_render(Array, '[et_pb_text _bu...', 'et_pb_column')
#18 [internal function]: do_shortcode_tag(Array)
#19 C:\Users\Lenovo\Desktop\wordpress\htdocs\rainbow_vision\wp-includes\shortcodes.php(227): preg_replace_callback('/\\[(\\[?)(contac...', 'do_shortcode_ta...', '[et_pb_column t...')
#20 C:\Users\Lenovo\Desktop\wordpress\htdocs\rainbow_vision\wp-content\themes\Divi\includes\builder\main-structure-elements.php(2274): do_shortcode('[et_pb_column t...')
#21 C:\Users\Lenovo\Desktop\wordpress\htdocs\rainbow_vision\wp-content\themes\Divi\includes\builder\class-et-builder-element.php(3331): ET_Builder_Row->render(Array, '[et_pb_column t...', 'et_pb_row', '', '', '', '', '')
#22 C:\Users\Lenovo\Desktop\wordpress\htdocs\rainbow_vision\wp-includes\shortcodes.php(355): ET_Builder_Element->_render(Array, '[et_pb_column t...', 'et_pb_row')
#23 [internal function]: do_shortcode_tag(Array)
#24 C:\Users\Lenovo\Desktop\wordpress\htdocs\rainbow_vision\wp-includes\shortcodes.php(227): preg_replace_callback('/\\[(\\[?)(contac...', 'do_shortcode_ta...', '[et_pb_row admi...')
#25 C:\Users\Lenovo\Desktop\wordpress\htdocs\rainbow_vision\wp-content\themes\Divi\includes\builder\main-structure-elements.php(1606): do_shortcode('[et_pb_row admi...')
#26 C:\Users\Lenovo\Desktop\wordpress\htdocs\rainbow_vision\wp-content\themes\Divi\includes\builder\class-et-builder-element.php(3331): ET_Builder_Section->render(Array, '[et_pb_row admi...', 'et_pb_section', '', '', '', '', '')
#27 C:\Users\Lenovo\Desktop\wordpress\htdocs\rainbow_vision\wp-includes\shortcodes.php(355): ET_Builder_Element->_render(Array, '[et_pb_row admi...', 'et_pb_section')
#28 [internal function]: do_shortcode_tag(Array)
#29 C:\Users\Lenovo\Desktop\wordpress\htdocs\rainbow_vision\wp-includes\shortcodes.php(227): preg_replace_callback('/\\[(\\[?)(contac...', 'do_shortcode_ta...', '<div class="et-...')
#30 C:\Users\Lenovo\Desktop\wordpress\htdocs\rainbow_vision\wp-includes\class-wp-hook.php(308): do_shortcode('<div class="et-...')
#31 C:\Users\Lenovo\Desktop\wordpress\htdocs\rainbow_vision\wp-includes\plugin.php(205): WP_Hook->apply_filters('<div class="et-...', Array)
#32 C:\Users\Lenovo\Desktop\wordpress\htdocs\rainbow_vision\wp-includes\post-template.php(255): apply_filters('the_content', '[et_pb_section ...')
#33 C:\Users\Lenovo\Desktop\wordpress\htdocs\rainbow_vision\wp-content\themes\Divi\page.php(46): the_content()
#34 C:\Users\Lenovo\Desktop\wordpress\htdocs\rainbow_vision\wp-includes\template-loader.php(106): include('C:\\Users\\Lenovo...')
#35 C:\Users\Lenovo\Desktop\wordpress\htdocs\rainbow_vision\wp-blog-header.php(19): require_once('C:\\Users\\Lenovo...')
#36 C:\Users\Lenovo\Desktop\wordpress\htdocs\rainbow_vision\index.php(17): require('C:\\Users\\Lenovo...')
#37 {main}
  thrown in C:\Users\Lenovo\Desktop\wordpress\htdocs\rainbow_vision\wp-content\plugins\contact-form-7-skins\includes\cf7-connect.php on line 47

